2021-07-12 08:17:55.6310|INFO|Demo.Controllers.Base|I am in Index 1893.9964
2021-07-12 08:18:25.5131|INFO|Demo.Controllers.Base|I am in Index 16.0026
2021-07-12 08:18:30.7132|INFO|Demo.Controllers.Base|I am in Index 4.0024
2021-07-12 08:19:01.1088|INFO|Demo.Controllers.Base|I am in Index 5.9996
2021-07-12 08:31:24.4424|INFO|Demo.filters.QDNActionFilterAttribute|I am in Index 15761.7143
2021-07-12 08:31:45.3114|INFO|Demo.filters.QDNActionFilterAttribute|I am in Index 5664.1103
2021-07-12 08:34:59.3379|INFO|Demo.filters.QDNActionFilterAttribute|I am in Index 5249.5655
2021-07-12 08:40:21.2038|INFO|Demo.filters.QDNActionFilterAttribute|controller: Student - Action : Index - TimeTaken : 5815.1275
2021-07-12 08:41:06.4053|INFO|Demo.filters.QDNActionFilterAttribute|controller: Student - Action : Index - TimeTaken : 57.2676
2021-07-12 08:41:08.8574|INFO|Demo.filters.QDNActionFilterAttribute|controller: Student - Action : Index - TimeTaken : 3.9972
2021-07-12 08:41:09.5011|INFO|Demo.filters.QDNActionFilterAttribute|controller: Student - Action : Index - TimeTaken : 6.0049
2021-07-12 08:41:09.7142|INFO|Demo.filters.QDNActionFilterAttribute|controller: Student - Action : Index - TimeTaken : 2.9846
2021-07-12 08:41:09.9299|INFO|Demo.filters.QDNActionFilterAttribute|controller: Student - Action : Index - TimeTaken : 4.0079
2021-07-12 08:41:10.1228|INFO|Demo.filters.QDNActionFilterAttribute|controller: Student - Action : Index - TimeTaken : 4.0117
2021-07-12 08:41:30.7707|INFO|Demo.filters.QDNActionFilterAttribute|controller: Student - Action : Edit - TimeTaken : 263.5499
2021-07-12 08:48:31.5900|INFO|Demo.filters.QDNActionFilterAttribute|controller: Student - Action : Index - TimeTaken : 1720.7753
2021-07-12 08:48:40.5553|INFO|Demo.filters.QDNREsultFilter| In Result controller: Student - Action : Index - TimeTaken : 4905.7593
2021-07-12 08:49:32.7792|INFO|Demo.filters.QDNActionFilterAttribute|controller: Student - Action : Index - TimeTaken : 8856.9604
2021-07-12 08:53:19.9105|INFO|Demo.filters.QDNActionFilterAttribute|controller: Student - Action : Index - TimeTaken : 1519.6054
2021-07-12 08:53:22.7367|INFO|Demo.filters.QDNREsultFilter| In Result   view: Index  controller: Student - Action : Index - TimeTaken : 2798.1581
2021-07-12 08:53:24.1238|INFO|Demo.filters.QDNActionFilterAttribute|controller: Student - Action : Index - TimeTaken : 4.3513
2021-07-12 08:53:24.1238|INFO|Demo.filters.QDNREsultFilter| In Result   view: Index  controller: Student - Action : Index - TimeTaken : 7.0059
2021-07-12 08:53:26.1927|INFO|Demo.filters.QDNActionFilterAttribute|controller: Student - Action : Index - TimeTaken : 22.9996
2021-07-12 08:53:26.1927|INFO|Demo.filters.QDNREsultFilter| In Result   view: Index  controller: Student - Action : Index - TimeTaken : 4.9977
2021-07-12 08:53:27.2777|INFO|Demo.filters.QDNActionFilterAttribute|controller: Student - Action : Index - TimeTaken : 5.0044
2021-07-12 08:53:27.2777|INFO|Demo.filters.QDNREsultFilter| In Result   view: Index  controller: Student - Action : Index - TimeTaken : 5.0617
2021-07-12 08:53:28.3564|INFO|Demo.filters.QDNActionFilterAttribute|controller: Student - Action : Index - TimeTaken : 5.9976
2021-07-12 08:53:28.3564|INFO|Demo.filters.QDNREsultFilter| In Result   view: Index  controller: Student - Action : Index - TimeTaken : 4.9992
2021-07-12 09:01:46.4526|INFO|Demo.filters.QDNActionFilterAttribute|controller: Student - Action : Index - TimeTaken : 3499.501
2021-07-12 09:02:24.6802|INFO|Demo.filters.QDNActionFilterAttribute|controller: Student - Action : Index - TimeTaken : 50.0019
2021-07-12 09:04:13.3818|INFO|Demo.filters.QDNActionFilterAttribute|controller: Student - Action : Index - TimeTaken : 52.0065
2021-07-12 09:04:13.4418|INFO|Demo.filters.QDNREsultFilter| In Result  controller: Student - Action : Index - TimeTaken : 26.0038
2021-07-12 09:11:56.6499|INFO|Demo.filters.QDNActionFilterAttribute|controller: Student - Action : Index - TimeTaken : 3334.8856
2021-07-12 09:11:56.6769|ERROR|Demo.filters.QDNExceptionFIlter|controller: Student - Action : Index - Message : Attempted to divide by zero. - StackTrace :    at Demo.Controllers.StudentController.Index(StudentSearchModel studentSearch) in D:\kmi\8jun\first\Demo\Controllers\StudentController.cs:line 33
   at lambda_method(Closure , ControllerBase , Object[] )
   at System.Web.Mvc.ActionMethodDispatcher.Execute(ControllerBase controller, Object[] parameters)
   at System.Web.Mvc.ReflectedActionDescriptor.Execute(ControllerContext controllerContext, IDictionary`2 parameters)
   at System.Web.Mvc.ControllerActionInvoker.InvokeActionMethod(ControllerContext controllerContext, ActionDescriptor actionDescriptor, IDictionary`2 parameters)
   at System.Web.Mvc.Async.AsyncControllerActionInvoker.<>c.<BeginInvokeSynchronousActionMethod>b__9_0(IAsyncResult asyncResult, ActionInvocation innerInvokeState)
   at System.Web.Mvc.Async.AsyncResultWrapper.WrappedAsyncResult`2.CallEndDelegate(IAsyncResult asyncResult)
   at System.Web.Mvc.Async.AsyncResultWrapper.WrappedAsyncResultBase`1.End()
   at System.Web.Mvc.Async.AsyncControllerActionInvoker.EndInvokeActionMethod(IAsyncResult asyncResult)
   at System.Web.Mvc.Async.AsyncControllerActionInvoker.AsyncInvocationWithFilters.<>c__DisplayClass11_0.<InvokeActionMethodFilterAsynchronouslyRecursive>b__0()
   at System.Web.Mvc.Async.AsyncControllerActionInvoker.AsyncInvocationWithFilters.<>c__DisplayClass11_2.<InvokeActionMethodFilterAsynchronouslyRecursive>b__2()
   at System.Web.Mvc.Async.AsyncControllerActionInvoker.AsyncInvocationWithFilters.<>c__DisplayClass11_2.<InvokeActionMethodFilterAsynchronouslyRecursive>b__2()
   at System.Web.Mvc.Async.AsyncControllerActionInvoker.<>c__DisplayClass7_0.<BeginInvokeActionMethodWithFilters>b__1(IAsyncResult asyncResult)
   at System.Web.Mvc.Async.AsyncResultWrapper.WrappedAsyncResult`1.CallEndDelegate(IAsyncResult asyncResult)
   at System.Web.Mvc.Async.AsyncResultWrapper.WrappedAsyncResultBase`1.End()
   at System.Web.Mvc.Async.AsyncControllerActionInvoker.EndInvokeActionMethodWithFilters(IAsyncResult asyncResult)
   at System.Web.Mvc.Async.AsyncControllerActionInvoker.<>c__DisplayClass3_6.<BeginInvokeAction>b__4()
   at System.Web.Mvc.Async.AsyncControllerActionInvoker.<>c__DisplayClass3_1.<BeginInvokeAction>b__1(IAsyncResult asyncResult)
2021-07-12 09:12:12.7150|INFO|Demo.filters.QDNActionFilterAttribute|controller: Student - Action : Index - TimeTaken : 2019.5654
2021-07-12 09:12:17.0375|ERROR|Demo.filters.QDNExceptionFIlter|controller: Student - Action : Index - Message : Attempted to divide by zero. - StackTrace :    at Demo.Controllers.StudentController.Index(StudentSearchModel studentSearch) in D:\kmi\8jun\first\Demo\Controllers\StudentController.cs:line 33
   at lambda_method(Closure , ControllerBase , Object[] )
   at System.Web.Mvc.ActionMethodDispatcher.Execute(ControllerBase controller, Object[] parameters)
   at System.Web.Mvc.ReflectedActionDescriptor.Execute(ControllerContext controllerContext, IDictionary`2 parameters)
   at System.Web.Mvc.ControllerActionInvoker.InvokeActionMethod(ControllerContext controllerContext, ActionDescriptor actionDescriptor, IDictionary`2 parameters)
   at System.Web.Mvc.Async.AsyncControllerActionInvoker.<>c.<BeginInvokeSynchronousActionMethod>b__9_0(IAsyncResult asyncResult, ActionInvocation innerInvokeState)
   at System.Web.Mvc.Async.AsyncResultWrapper.WrappedAsyncResult`2.CallEndDelegate(IAsyncResult asyncResult)
   at System.Web.Mvc.Async.AsyncResultWrapper.WrappedAsyncResultBase`1.End()
   at System.Web.Mvc.Async.AsyncControllerActionInvoker.EndInvokeActionMethod(IAsyncResult asyncResult)
   at System.Web.Mvc.Async.AsyncControllerActionInvoker.AsyncInvocationWithFilters.<>c__DisplayClass11_0.<InvokeActionMethodFilterAsynchronouslyRecursive>b__0()
   at System.Web.Mvc.Async.AsyncControllerActionInvoker.AsyncInvocationWithFilters.<>c__DisplayClass11_2.<InvokeActionMethodFilterAsynchronouslyRecursive>b__2()
   at System.Web.Mvc.Async.AsyncControllerActionInvoker.AsyncInvocationWithFilters.<>c__DisplayClass11_2.<InvokeActionMethodFilterAsynchronouslyRecursive>b__2()
   at System.Web.Mvc.Async.AsyncControllerActionInvoker.<>c__DisplayClass7_0.<BeginInvokeActionMethodWithFilters>b__1(IAsyncResult asyncResult)
   at System.Web.Mvc.Async.AsyncResultWrapper.WrappedAsyncResult`1.CallEndDelegate(IAsyncResult asyncResult)
   at System.Web.Mvc.Async.AsyncResultWrapper.WrappedAsyncResultBase`1.End()
   at System.Web.Mvc.Async.AsyncControllerActionInvoker.EndInvokeActionMethodWithFilters(IAsyncResult asyncResult)
   at System.Web.Mvc.Async.AsyncControllerActionInvoker.<>c__DisplayClass3_6.<BeginInvokeAction>b__4()
   at System.Web.Mvc.Async.AsyncControllerActionInvoker.<>c__DisplayClass3_1.<BeginInvokeAction>b__1(IAsyncResult asyncResult)
2021-07-12 09:13:01.1400|INFO|Demo.filters.QDNActionFilterAttribute|controller: Student - Action : Index - TimeTaken : 2498.6964
2021-07-12 09:13:02.3311|ERROR|Demo.filters.QDNExceptionFIlter|controller: Student - Action : Index - Message : Attempted to divide by zero. - StackTrace :    at Demo.Controllers.StudentController.Index(StudentSearchModel studentSearch) in D:\kmi\8jun\first\Demo\Controllers\StudentController.cs:line 33
   at lambda_method(Closure , ControllerBase , Object[] )
   at System.Web.Mvc.ActionMethodDispatcher.Execute(ControllerBase controller, Object[] parameters)
   at System.Web.Mvc.ReflectedActionDescriptor.Execute(ControllerContext controllerContext, IDictionary`2 parameters)
   at System.Web.Mvc.ControllerActionInvoker.InvokeActionMethod(ControllerContext controllerContext, ActionDescriptor actionDescriptor, IDictionary`2 parameters)
   at System.Web.Mvc.Async.AsyncControllerActionInvoker.<>c.<BeginInvokeSynchronousActionMethod>b__9_0(IAsyncResult asyncResult, ActionInvocation innerInvokeState)
   at System.Web.Mvc.Async.AsyncResultWrapper.WrappedAsyncResult`2.CallEndDelegate(IAsyncResult asyncResult)
   at System.Web.Mvc.Async.AsyncResultWrapper.WrappedAsyncResultBase`1.End()
   at System.Web.Mvc.Async.AsyncControllerActionInvoker.EndInvokeActionMethod(IAsyncResult asyncResult)
   at System.Web.Mvc.Async.AsyncControllerActionInvoker.AsyncInvocationWithFilters.<>c__DisplayClass11_0.<InvokeActionMethodFilterAsynchronouslyRecursive>b__0()
   at System.Web.Mvc.Async.AsyncControllerActionInvoker.AsyncInvocationWithFilters.<>c__DisplayClass11_2.<InvokeActionMethodFilterAsynchronouslyRecursive>b__2()
   at System.Web.Mvc.Async.AsyncControllerActionInvoker.AsyncInvocationWithFilters.<>c__DisplayClass11_2.<InvokeActionMethodFilterAsynchronouslyRecursive>b__2()
   at System.Web.Mvc.Async.AsyncControllerActionInvoker.<>c__DisplayClass7_0.<BeginInvokeActionMethodWithFilters>b__1(IAsyncResult asyncResult)
   at System.Web.Mvc.Async.AsyncResultWrapper.WrappedAsyncResult`1.CallEndDelegate(IAsyncResult asyncResult)
   at System.Web.Mvc.Async.AsyncResultWrapper.WrappedAsyncResultBase`1.End()
   at System.Web.Mvc.Async.AsyncControllerActionInvoker.EndInvokeActionMethodWithFilters(IAsyncResult asyncResult)
   at System.Web.Mvc.Async.AsyncControllerActionInvoker.<>c__DisplayClass3_6.<BeginInvokeAction>b__4()
   at System.Web.Mvc.Async.AsyncControllerActionInvoker.<>c__DisplayClass3_1.<BeginInvokeAction>b__1(IAsyncResult asyncResult)
2021-07-12 09:16:25.6281|INFO|Demo.filters.QDNActionFilterAttribute|controller: Student - Action : Index - TimeTaken : 2019.2256
2021-07-12 09:16:26.7915|ERROR|Demo.filters.QDNExceptionFIlter|controller: Student - Action : Index - Message : Attempted to divide by zero. - StackTrace :    at Demo.Controllers.StudentController.Index(StudentSearchModel studentSearch) in D:\kmi\8jun\first\Demo\Controllers\StudentController.cs:line 33
   at lambda_method(Closure , ControllerBase , Object[] )
   at System.Web.Mvc.ActionMethodDispatcher.Execute(ControllerBase controller, Object[] parameters)
   at System.Web.Mvc.ReflectedActionDescriptor.Execute(ControllerContext controllerContext, IDictionary`2 parameters)
   at System.Web.Mvc.ControllerActionInvoker.InvokeActionMethod(ControllerContext controllerContext, ActionDescriptor actionDescriptor, IDictionary`2 parameters)
   at System.Web.Mvc.Async.AsyncControllerActionInvoker.<>c.<BeginInvokeSynchronousActionMethod>b__9_0(IAsyncResult asyncResult, ActionInvocation innerInvokeState)
   at System.Web.Mvc.Async.AsyncResultWrapper.WrappedAsyncResult`2.CallEndDelegate(IAsyncResult asyncResult)
   at System.Web.Mvc.Async.AsyncResultWrapper.WrappedAsyncResultBase`1.End()
   at System.Web.Mvc.Async.AsyncControllerActionInvoker.EndInvokeActionMethod(IAsyncResult asyncResult)
   at System.Web.Mvc.Async.AsyncControllerActionInvoker.AsyncInvocationWithFilters.<>c__DisplayClass11_0.<InvokeActionMethodFilterAsynchronouslyRecursive>b__0()
   at System.Web.Mvc.Async.AsyncControllerActionInvoker.AsyncInvocationWithFilters.<>c__DisplayClass11_2.<InvokeActionMethodFilterAsynchronouslyRecursive>b__2()
   at System.Web.Mvc.Async.AsyncControllerActionInvoker.AsyncInvocationWithFilters.<>c__DisplayClass11_2.<InvokeActionMethodFilterAsynchronouslyRecursive>b__2()
   at System.Web.Mvc.Async.AsyncControllerActionInvoker.<>c__DisplayClass7_0.<BeginInvokeActionMethodWithFilters>b__1(IAsyncResult asyncResult)
   at System.Web.Mvc.Async.AsyncResultWrapper.WrappedAsyncResult`1.CallEndDelegate(IAsyncResult asyncResult)
   at System.Web.Mvc.Async.AsyncResultWrapper.WrappedAsyncResultBase`1.End()
   at System.Web.Mvc.Async.AsyncControllerActionInvoker.EndInvokeActionMethodWithFilters(IAsyncResult asyncResult)
   at System.Web.Mvc.Async.AsyncControllerActionInvoker.<>c__DisplayClass3_6.<BeginInvokeAction>b__4()
   at System.Web.Mvc.Async.AsyncControllerActionInvoker.<>c__DisplayClass3_1.<BeginInvokeAction>b__1(IAsyncResult asyncResult)
2021-07-12 09:21:20.3822|ERROR|Demo.Controllers.Base|controller: Student - Action : Index - Message : Attempted to divide by zero. - StackTrace :    at Demo.Controllers.StudentController.Index(StudentSearchModel studentSearch) in D:\kmi\8jun\first\Demo\Controllers\StudentController.cs:line 33
   at lambda_method(Closure , ControllerBase , Object[] )
   at System.Web.Mvc.ActionMethodDispatcher.Execute(ControllerBase controller, Object[] parameters)
   at System.Web.Mvc.ReflectedActionDescriptor.Execute(ControllerContext controllerContext, IDictionary`2 parameters)
   at System.Web.Mvc.ControllerActionInvoker.InvokeActionMethod(ControllerContext controllerContext, ActionDescriptor actionDescriptor, IDictionary`2 parameters)
   at System.Web.Mvc.Async.AsyncControllerActionInvoker.<>c.<BeginInvokeSynchronousActionMethod>b__9_0(IAsyncResult asyncResult, ActionInvocation innerInvokeState)
   at System.Web.Mvc.Async.AsyncResultWrapper.WrappedAsyncResult`2.CallEndDelegate(IAsyncResult asyncResult)
   at System.Web.Mvc.Async.AsyncResultWrapper.WrappedAsyncResultBase`1.End()
   at System.Web.Mvc.Async.AsyncControllerActionInvoker.EndInvokeActionMethod(IAsyncResult asyncResult)
   at System.Web.Mvc.Async.AsyncControllerActionInvoker.AsyncInvocationWithFilters.<>c__DisplayClass11_0.<InvokeActionMethodFilterAsynchronouslyRecursive>b__0()
   at System.Web.Mvc.Async.AsyncControllerActionInvoker.AsyncInvocationWithFilters.<>c__DisplayClass11_2.<InvokeActionMethodFilterAsynchronouslyRecursive>b__2()
   at System.Web.Mvc.Async.AsyncControllerActionInvoker.<>c__DisplayClass7_0.<BeginInvokeActionMethodWithFilters>b__1(IAsyncResult asyncResult)
   at System.Web.Mvc.Async.AsyncResultWrapper.WrappedAsyncResult`1.CallEndDelegate(IAsyncResult asyncResult)
   at System.Web.Mvc.Async.AsyncResultWrapper.WrappedAsyncResultBase`1.End()
   at System.Web.Mvc.Async.AsyncControllerActionInvoker.EndInvokeActionMethodWithFilters(IAsyncResult asyncResult)
   at System.Web.Mvc.Async.AsyncControllerActionInvoker.<>c__DisplayClass3_6.<BeginInvokeAction>b__4()
   at System.Web.Mvc.Async.AsyncControllerActionInvoker.<>c__DisplayClass3_1.<BeginInvokeAction>b__1(IAsyncResult asyncResult)
2021-07-12 09:21:46.4090|ERROR|Demo.Controllers.Base|controller: Student - Action : Index - Message : Attempted to divide by zero. - StackTrace :    at Demo.Controllers.StudentController.Index(StudentSearchModel studentSearch) in D:\kmi\8jun\first\Demo\Controllers\StudentController.cs:line 33
   at lambda_method(Closure , ControllerBase , Object[] )
   at System.Web.Mvc.ActionMethodDispatcher.Execute(ControllerBase controller, Object[] parameters)
   at System.Web.Mvc.ReflectedActionDescriptor.Execute(ControllerContext controllerContext, IDictionary`2 parameters)
   at System.Web.Mvc.ControllerActionInvoker.InvokeActionMethod(ControllerContext controllerContext, ActionDescriptor actionDescriptor, IDictionary`2 parameters)
   at System.Web.Mvc.Async.AsyncControllerActionInvoker.<>c.<BeginInvokeSynchronousActionMethod>b__9_0(IAsyncResult asyncResult, ActionInvocation innerInvokeState)
   at System.Web.Mvc.Async.AsyncResultWrapper.WrappedAsyncResult`2.CallEndDelegate(IAsyncResult asyncResult)
   at System.Web.Mvc.Async.AsyncResultWrapper.WrappedAsyncResultBase`1.End()
   at System.Web.Mvc.Async.AsyncControllerActionInvoker.EndInvokeActionMethod(IAsyncResult asyncResult)
   at System.Web.Mvc.Async.AsyncControllerActionInvoker.AsyncInvocationWithFilters.<>c__DisplayClass11_0.<InvokeActionMethodFilterAsynchronouslyRecursive>b__0()
   at System.Web.Mvc.Async.AsyncControllerActionInvoker.AsyncInvocationWithFilters.<>c__DisplayClass11_2.<InvokeActionMethodFilterAsynchronouslyRecursive>b__2()
   at System.Web.Mvc.Async.AsyncControllerActionInvoker.<>c__DisplayClass7_0.<BeginInvokeActionMethodWithFilters>b__1(IAsyncResult asyncResult)
   at System.Web.Mvc.Async.AsyncResultWrapper.WrappedAsyncResult`1.CallEndDelegate(IAsyncResult asyncResult)
   at System.Web.Mvc.Async.AsyncResultWrapper.WrappedAsyncResultBase`1.End()
   at System.Web.Mvc.Async.AsyncControllerActionInvoker.EndInvokeActionMethodWithFilters(IAsyncResult asyncResult)
   at System.Web.Mvc.Async.AsyncControllerActionInvoker.<>c__DisplayClass3_6.<BeginInvokeAction>b__4()
   at System.Web.Mvc.Async.AsyncControllerActionInvoker.<>c__DisplayClass3_1.<BeginInvokeAction>b__1(IAsyncResult asyncResult)
2021-07-12 09:24:31.1731|INFO|Demo.Controllers.Base|controller: Student - Action : Index - TimeTaken : 3927.8225
2021-07-12 09:24:32.2994|ERROR|Demo.Controllers.Base|controller: Student - Action : Index - Message : Attempted to divide by zero. - StackTrace :    at Demo.Controllers.StudentController.Index(StudentSearchModel studentSearch) in D:\kmi\8jun\first\Demo\Controllers\StudentController.cs:line 33
   at lambda_method(Closure , ControllerBase , Object[] )
   at System.Web.Mvc.ActionMethodDispatcher.Execute(ControllerBase controller, Object[] parameters)
   at System.Web.Mvc.ReflectedActionDescriptor.Execute(ControllerContext controllerContext, IDictionary`2 parameters)
   at System.Web.Mvc.ControllerActionInvoker.InvokeActionMethod(ControllerContext controllerContext, ActionDescriptor actionDescriptor, IDictionary`2 parameters)
   at System.Web.Mvc.Async.AsyncControllerActionInvoker.<>c.<BeginInvokeSynchronousActionMethod>b__9_0(IAsyncResult asyncResult, ActionInvocation innerInvokeState)
   at System.Web.Mvc.Async.AsyncResultWrapper.WrappedAsyncResult`2.CallEndDelegate(IAsyncResult asyncResult)
   at System.Web.Mvc.Async.AsyncResultWrapper.WrappedAsyncResultBase`1.End()
   at System.Web.Mvc.Async.AsyncControllerActionInvoker.EndInvokeActionMethod(IAsyncResult asyncResult)
   at System.Web.Mvc.Async.AsyncControllerActionInvoker.AsyncInvocationWithFilters.<>c__DisplayClass11_0.<InvokeActionMethodFilterAsynchronouslyRecursive>b__0()
   at System.Web.Mvc.Async.AsyncControllerActionInvoker.AsyncInvocationWithFilters.<>c__DisplayClass11_2.<InvokeActionMethodFilterAsynchronouslyRecursive>b__2()
   at System.Web.Mvc.Async.AsyncControllerActionInvoker.<>c__DisplayClass7_0.<BeginInvokeActionMethodWithFilters>b__1(IAsyncResult asyncResult)
   at System.Web.Mvc.Async.AsyncResultWrapper.WrappedAsyncResult`1.CallEndDelegate(IAsyncResult asyncResult)
   at System.Web.Mvc.Async.AsyncResultWrapper.WrappedAsyncResultBase`1.End()
   at System.Web.Mvc.Async.AsyncControllerActionInvoker.EndInvokeActionMethodWithFilters(IAsyncResult asyncResult)
   at System.Web.Mvc.Async.AsyncControllerActionInvoker.<>c__DisplayClass3_6.<BeginInvokeAction>b__4()
   at System.Web.Mvc.Async.AsyncControllerActionInvoker.<>c__DisplayClass3_1.<BeginInvokeAction>b__1(IAsyncResult asyncResult)
